<?xml version="1.0" encoding="UTF-8"?>
<coverage generated="1613405697159" clover="3.2.0">
  <project timestamp="1613405697160" name="All files">
    <metrics statements="43" coveredstatements="30" conditionals="9" coveredconditionals="4" methods="27" coveredmethods="16" elements="79" coveredelements="50" complexity="0" loc="43" ncloc="43" packages="3" files="7" classes="7"/>
    <package name="src.components">
      <metrics statements="21" coveredstatements="21" conditionals="0" coveredconditionals="0" methods="10" coveredmethods="10"/>
      <file name="Footer.vue" path="C:\Users\Zver\Desktop\todo-app\todo-app\src\components\Footer.vue">
        <metrics statements="6" coveredstatements="6" conditionals="0" coveredconditionals="0" methods="4" coveredmethods="4"/>
        <line num="12" count="2" type="stmt"/>
        <line num="13" count="2" type="stmt"/>
        <line num="20" count="2" type="stmt"/>
        <line num="28" count="2" type="stmt"/>
        <line num="31" count="1" type="stmt"/>
        <line num="38" count="1" type="stmt"/>
      </file>
      <file name="Input.vue" path="C:\Users\Zver\Desktop\todo-app\todo-app\src\components\Input.vue">
        <metrics statements="5" coveredstatements="5" conditionals="0" coveredconditionals="0" methods="3" coveredmethods="3"/>
        <line num="13" count="2" type="stmt"/>
        <line num="16" count="3" type="stmt"/>
        <line num="22" count="1" type="stmt"/>
        <line num="23" count="1" type="stmt"/>
        <line num="26" count="1" type="stmt"/>
      </file>
      <file name="Task.vue" path="C:\Users\Zver\Desktop\todo-app\todo-app\src\components\Task.vue">
        <metrics statements="2" coveredstatements="2" conditionals="0" coveredconditionals="0" methods="1" coveredmethods="1"/>
        <line num="16" count="3" type="stmt"/>
        <line num="22" count="1" type="stmt"/>
      </file>
      <file name="Tasks.vue" path="C:\Users\Zver\Desktop\todo-app\todo-app\src\components\Tasks.vue">
        <metrics statements="3" coveredstatements="3" conditionals="0" coveredconditionals="0" methods="1" coveredmethods="1"/>
        <line num="19" count="2" type="stmt"/>
        <line num="20" count="2" type="stmt"/>
        <line num="30" count="1" type="stmt"/>
      </file>
      <file name="ToDo.vue" path="C:\Users\Zver\Desktop\todo-app\todo-app\src\components\ToDo.vue">
        <metrics statements="5" coveredstatements="5" conditionals="0" coveredconditionals="0" methods="1" coveredmethods="1"/>
        <line num="15" count="1" type="stmt"/>
        <line num="16" count="1" type="stmt"/>
        <line num="17" count="1" type="stmt"/>
        <line num="18" count="1" type="stmt"/>
        <line num="27" count="1" type="stmt"/>
      </file>
    </package>
    <package name="src.store.modules">
      <metrics statements="22" coveredstatements="9" conditionals="9" coveredconditionals="4" methods="17" coveredmethods="6"/>
      <file name="tasks.js" path="C:\Users\Zver\Desktop\todo-app\todo-app\src\store\modules\tasks.js">
        <metrics statements="22" coveredstatements="9" conditionals="9" coveredconditionals="4" methods="17" coveredmethods="6"/>
        <line num="10" count="1" type="stmt"/>
        <line num="15" count="1" type="cond" truecount="2" falsecount="0"/>
        <line num="19" count="1" type="cond" truecount="1" falsecount="1"/>
        <line num="20" count="1" type="stmt"/>
        <line num="25" count="1" type="stmt"/>
        <line num="29" count="1" type="stmt"/>
        <line num="30" count="1" type="cond" truecount="1" falsecount="1"/>
        <line num="32" count="1" type="stmt"/>
        <line num="36" count="0" type="stmt"/>
        <line num="37" count="0" type="stmt"/>
        <line num="39" count="0" type="stmt"/>
        <line num="43" count="1" type="stmt"/>
        <line num="47" count="0" type="stmt"/>
        <line num="48" count="0" type="stmt"/>
        <line num="52" count="0" type="stmt"/>
        <line num="53" count="0" type="stmt"/>
        <line num="58" count="0" type="cond" truecount="0" falsecount="3"/>
        <line num="60" count="0" type="stmt"/>
        <line num="62" count="0" type="stmt"/>
        <line num="64" count="0" type="stmt"/>
        <line num="68" count="0" type="stmt"/>
        <line num="71" count="0" type="stmt"/>
      </file>
    </package>
    <package name="tests.unit.store">
      <metrics statements="0" coveredstatements="0" conditionals="0" coveredconditionals="0" methods="0" coveredmethods="0"/>
      <file name="store.cfg.js" path="C:\Users\Zver\Desktop\todo-app\todo-app\tests\unit\store\store.cfg.js">
        <metrics statements="0" coveredstatements="0" conditionals="0" coveredconditionals="0" methods="0" coveredmethods="0"/>
      </file>
    </package>
  </project>
</coverage>
