{"C:\\Users\\Zver\\Desktop\\todo-app\\todo-app\\src\\components\\Footer.vue": {"path":"C:\\Users\\Zver\\Desktop\\todo-app\\todo-app\\src\\components\\Footer.vue","statementMap":{"0":{"start":{"line":12,"column":0},"end":{"line":12,"column":null}},"1":{"start":{"line":13,"column":0},"end":{"line":13,"column":null}},"2":{"start":{"line":20,"column":0},"end":{"line":20,"column":null}},"3":{"start":{"line":28,"column":0},"end":{"line":28,"column":null}},"4":{"start":{"line":31,"column":0},"end":{"line":31,"column":null}},"5":{"start":{"line":38,"column":0},"end":{"line":38,"column":null}}},"fnMap":{"0":{"name":"(anonymous_1)","decl":{"start":{"line":19,"column":0},"end":{"line":19,"column":null}},"loc":{"start":{"line":19,"column":0},"end":{"line":23,"column":null}}},"1":{"name":"(anonymous_2)","decl":{"start":{"line":27,"column":0},"end":{"line":27,"column":null}},"loc":{"start":{"line":27,"column":0},"end":{"line":29,"column":null}}},"2":{"name":"(anonymous_3)","decl":{"start":{"line":30,"column":0},"end":{"line":30,"column":null}},"loc":{"start":{"line":30,"column":0},"end":{"line":32,"column":null}}},"3":{"name":"(anonymous_4)","decl":{"start":{"line":37,"column":0},"end":{"line":37,"column":null}},"loc":{"start":{"line":37,"column":0},"end":{"line":39,"column":null}}}},"branchMap":{},"s":{"0":2,"1":2,"2":2,"3":2,"4":1,"5":1},"f":{"0":2,"1":2,"2":1,"3":1},"b":{}}
,"C:\\Users\\Zver\\Desktop\\todo-app\\todo-app\\src\\components\\Input.vue": {"path":"C:\\Users\\Zver\\Desktop\\todo-app\\todo-app\\src\\components\\Input.vue","statementMap":{"0":{"start":{"line":13,"column":0},"end":{"line":13,"column":null}},"1":{"start":{"line":16,"column":0},"end":{"line":16,"column":null}},"2":{"start":{"line":22,"column":0},"end":{"line":22,"column":null}},"3":{"start":{"line":23,"column":0},"end":{"line":23,"column":null}},"4":{"start":{"line":26,"column":0},"end":{"line":26,"column":null}}},"fnMap":{"0":{"name":"(anonymous_1)","decl":{"start":{"line":16,"column":0},"end":{"line":16,"column":null}},"loc":{"start":{"line":16,"column":0},"end":{"line":16,"column":null}}},"1":{"name":"(anonymous_2)","decl":{"start":{"line":21,"column":0},"end":{"line":21,"column":null}},"loc":{"start":{"line":21,"column":0},"end":{"line":24,"column":null}}},"2":{"name":"(anonymous_3)","decl":{"start":{"line":25,"column":0},"end":{"line":25,"column":null}},"loc":{"start":{"line":25,"column":0},"end":{"line":27,"column":null}}}},"branchMap":{},"s":{"0":2,"1":3,"2":1,"3":1,"4":1},"f":{"0":3,"1":1,"2":1},"b":{}}
,"C:\\Users\\Zver\\Desktop\\todo-app\\todo-app\\src\\components\\Task.vue": {"path":"C:\\Users\\Zver\\Desktop\\todo-app\\todo-app\\src\\components\\Task.vue","statementMap":{"0":{"start":{"line":16,"column":0},"end":{"line":16,"column":null}},"1":{"start":{"line":22,"column":0},"end":{"line":22,"column":null}}},"fnMap":{"0":{"name":"(anonymous_1)","decl":{"start":{"line":21,"column":0},"end":{"line":21,"column":null}},"loc":{"start":{"line":21,"column":0},"end":{"line":23,"column":null}}}},"branchMap":{},"s":{"0":3,"1":1},"f":{"0":1},"b":{}}
,"C:\\Users\\Zver\\Desktop\\todo-app\\todo-app\\src\\components\\Tasks.vue": {"path":"C:\\Users\\Zver\\Desktop\\todo-app\\todo-app\\src\\components\\Tasks.vue","statementMap":{"0":{"start":{"line":19,"column":0},"end":{"line":19,"column":null}},"1":{"start":{"line":20,"column":0},"end":{"line":20,"column":null}},"2":{"start":{"line":30,"column":0},"end":{"line":30,"column":null}}},"fnMap":{"0":{"name":"(anonymous_1)","decl":{"start":{"line":29,"column":0},"end":{"line":29,"column":null}},"loc":{"start":{"line":29,"column":0},"end":{"line":31,"column":null}}}},"branchMap":{},"s":{"0":2,"1":2,"2":1},"f":{"0":1},"b":{}}
,"C:\\Users\\Zver\\Desktop\\todo-app\\todo-app\\src\\components\\ToDo.vue": {"path":"C:\\Users\\Zver\\Desktop\\todo-app\\todo-app\\src\\components\\ToDo.vue","statementMap":{"0":{"start":{"line":15,"column":0},"end":{"line":15,"column":null}},"1":{"start":{"line":16,"column":0},"end":{"line":16,"column":null}},"2":{"start":{"line":17,"column":0},"end":{"line":17,"column":null}},"3":{"start":{"line":18,"column":0},"end":{"line":18,"column":null}},"4":{"start":{"line":27,"column":0},"end":{"line":27,"column":null}}},"fnMap":{"0":{"name":"(anonymous_1)","decl":{"start":{"line":26,"column":0},"end":{"line":26,"column":null}},"loc":{"start":{"line":26,"column":0},"end":{"line":28,"column":null}}}},"branchMap":{},"s":{"0":1,"1":1,"2":1,"3":1,"4":1},"f":{"0":1},"b":{}}
,"C:\\Users\\Zver\\Desktop\\todo-app\\todo-app\\src\\store\\modules\\tasks.js": {"path":"C:\\Users\\Zver\\Desktop\\todo-app\\todo-app\\src\\store\\modules\\tasks.js","statementMap":{"0":{"start":{"line":10,"column":6},"end":{"line":10,"column":39}},"1":{"start":{"line":15,"column":6},"end":{"line":15,"column":77}},"2":{"start":{"line":19,"column":6},"end":{"line":19,"column":27}},"3":{"start":{"line":19,"column":20},"end":{"line":19,"column":27}},"4":{"start":{"line":20,"column":6},"end":{"line":24,"column":9}},"5":{"start":{"line":25,"column":6},"end":{"line":25,"column":65}},"6":{"start":{"line":29,"column":6},"end":{"line":31,"column":8}},"7":{"start":{"line":30,"column":8},"end":{"line":30,"column":73}},"8":{"start":{"line":32,"column":6},"end":{"line":32,"column":65}},"9":{"start":{"line":36,"column":6},"end":{"line":38,"column":9}},"10":{"start":{"line":37,"column":8},"end":{"line":37,"column":31}},"11":{"start":{"line":39,"column":6},"end":{"line":39,"column":65}},"12":{"start":{"line":43,"column":6},"end":{"line":43,"column":28}},"13":{"start":{"line":47,"column":6},"end":{"line":47,"column":40}},"14":{"start":{"line":48,"column":6},"end":{"line":48,"column":65}},"15":{"start":{"line":52,"column":6},"end":{"line":52,"column":65}},"16":{"start":{"line":52,"column":47},"end":{"line":52,"column":63}},"17":{"start":{"line":53,"column":6},"end":{"line":53,"column":65}},"18":{"start":{"line":58,"column":6},"end":{"line":65,"column":7}},"19":{"start":{"line":60,"column":10},"end":{"line":60,"column":62}},"20":{"start":{"line":60,"column":44},"end":{"line":60,"column":60}},"21":{"start":{"line":62,"column":10},"end":{"line":62,"column":61}},"22":{"start":{"line":62,"column":44},"end":{"line":62,"column":59}},"23":{"start":{"line":64,"column":10},"end":{"line":64,"column":29}},"24":{"start":{"line":68,"column":6},"end":{"line":68,"column":32}},"25":{"start":{"line":71,"column":6},"end":{"line":71,"column":65}},"26":{"start":{"line":71,"column":40},"end":{"line":71,"column":56}}},"fnMap":{"0":{"name":"(anonymous_0)","decl":{"start":{"line":9,"column":4},"end":{"line":9,"column":5}},"loc":{"start":{"line":9,"column":28},"end":{"line":11,"column":5}},"line":9},"1":{"name":"(anonymous_1)","decl":{"start":{"line":14,"column":4},"end":{"line":14,"column":5}},"loc":{"start":{"line":14,"column":26},"end":{"line":16,"column":5}},"line":14},"2":{"name":"(anonymous_2)","decl":{"start":{"line":18,"column":4},"end":{"line":18,"column":5}},"loc":{"start":{"line":18,"column":31},"end":{"line":26,"column":5}},"line":18},"3":{"name":"(anonymous_3)","decl":{"start":{"line":28,"column":4},"end":{"line":28,"column":5}},"loc":{"start":{"line":28,"column":32},"end":{"line":33,"column":5}},"line":28},"4":{"name":"(anonymous_4)","decl":{"start":{"line":29,"column":36},"end":{"line":29,"column":37}},"loc":{"start":{"line":30,"column":8},"end":{"line":30,"column":73}},"line":30},"5":{"name":"(anonymous_5)","decl":{"start":{"line":35,"column":4},"end":{"line":35,"column":5}},"loc":{"start":{"line":35,"column":27},"end":{"line":40,"column":5}},"line":35},"6":{"name":"(anonymous_6)","decl":{"start":{"line":36,"column":22},"end":{"line":36,"column":23}},"loc":{"start":{"line":36,"column":30},"end":{"line":38,"column":7}},"line":36},"7":{"name":"(anonymous_7)","decl":{"start":{"line":42,"column":4},"end":{"line":42,"column":5}},"loc":{"start":{"line":42,"column":32},"end":{"line":44,"column":5}},"line":42},"8":{"name":"(anonymous_8)","decl":{"start":{"line":46,"column":4},"end":{"line":46,"column":5}},"loc":{"start":{"line":46,"column":34},"end":{"line":49,"column":5}},"line":46},"9":{"name":"(anonymous_9)","decl":{"start":{"line":51,"column":4},"end":{"line":51,"column":5}},"loc":{"start":{"line":51,"column":32},"end":{"line":54,"column":5}},"line":51},"10":{"name":"(anonymous_10)","decl":{"start":{"line":52,"column":39},"end":{"line":52,"column":40}},"loc":{"start":{"line":52,"column":47},"end":{"line":52,"column":63}},"line":52},"11":{"name":"(anonymous_11)","decl":{"start":{"line":57,"column":4},"end":{"line":57,"column":5}},"loc":{"start":{"line":57,"column":25},"end":{"line":66,"column":5}},"line":57},"12":{"name":"(anonymous_12)","decl":{"start":{"line":60,"column":36},"end":{"line":60,"column":37}},"loc":{"start":{"line":60,"column":44},"end":{"line":60,"column":60}},"line":60},"13":{"name":"(anonymous_13)","decl":{"start":{"line":62,"column":36},"end":{"line":62,"column":37}},"loc":{"start":{"line":62,"column":44},"end":{"line":62,"column":59}},"line":62},"14":{"name":"(anonymous_14)","decl":{"start":{"line":67,"column":4},"end":{"line":67,"column":5}},"loc":{"start":{"line":67,"column":22},"end":{"line":69,"column":5}},"line":67},"15":{"name":"(anonymous_15)","decl":{"start":{"line":70,"column":4},"end":{"line":70,"column":5}},"loc":{"start":{"line":70,"column":28},"end":{"line":72,"column":5}},"line":70},"16":{"name":"(anonymous_16)","decl":{"start":{"line":71,"column":32},"end":{"line":71,"column":33}},"loc":{"start":{"line":71,"column":40},"end":{"line":71,"column":56}},"line":71}},"branchMap":{"0":{"loc":{"start":{"line":15,"column":20},"end":{"line":15,"column":76}},"type":"binary-expr","locations":[{"start":{"line":15,"column":20},"end":{"line":15,"column":61}},{"start":{"line":15,"column":65},"end":{"line":15,"column":76}}],"line":15},"1":{"loc":{"start":{"line":19,"column":6},"end":{"line":19,"column":27}},"type":"if","locations":[{"start":{"line":19,"column":6},"end":{"line":19,"column":27}},{"start":{"line":19,"column":6},"end":{"line":19,"column":27}}],"line":19},"2":{"loc":{"start":{"line":30,"column":8},"end":{"line":30,"column":73}},"type":"cond-expr","locations":[{"start":{"line":30,"column":25},"end":{"line":30,"column":66}},{"start":{"line":30,"column":69},"end":{"line":30,"column":73}}],"line":30},"3":{"loc":{"start":{"line":58,"column":6},"end":{"line":65,"column":7}},"type":"switch","locations":[{"start":{"line":59,"column":8},"end":{"line":60,"column":62}},{"start":{"line":61,"column":8},"end":{"line":62,"column":61}},{"start":{"line":63,"column":8},"end":{"line":64,"column":29}}],"line":58}},"s":{"0":1,"1":1,"2":1,"3":0,"4":1,"5":1,"6":1,"7":1,"8":1,"9":0,"10":0,"11":0,"12":1,"13":0,"14":0,"15":0,"16":0,"17":0,"18":0,"19":0,"20":0,"21":0,"22":0,"23":0,"24":0,"25":0,"26":0},"f":{"0":1,"1":1,"2":1,"3":1,"4":1,"5":0,"6":0,"7":1,"8":0,"9":0,"10":0,"11":0,"12":0,"13":0,"14":0,"15":0,"16":0},"b":{"0":[1,1],"1":[0,1],"2":[1,0],"3":[0,0,0]},"_coverageSchema":"43e27e138ebf9cfc5966b082cf9a028302ed4184","hash":"d28f6120f9bc816c64e9c40be85d74265513b154"}
,"C:\\Users\\Zver\\Desktop\\todo-app\\todo-app\\tests\\unit\\store\\store.cfg.js": {"path":"C:\\Users\\Zver\\Desktop\\todo-app\\todo-app\\tests\\unit\\store\\store.cfg.js","statementMap":{},"fnMap":{},"branchMap":{},"s":{},"f":{},"b":{},"_coverageSchema":"43e27e138ebf9cfc5966b082cf9a028302ed4184","hash":"438c4c1ef6f3f7d3579c25ab3d152abc6d23f227"}
}
